[0.192s] DEBUG:colcon:Command line arguments: ['/usr/bin/colcon', 'build']
[0.192s] DEBUG:colcon:Parsed command line arguments: Namespace(log_base=None, log_level=None, verb_name='build', build_base='build', install_base='install', merge_install=False, symlink_install=False, test_result_base=None, continue_on_error=False, executor='parallel', parallel_workers=2, event_handlers=None, ignore_user_meta=False, metas=['./colcon.meta'], base_paths=['.'], packages_ignore=None, packages_ignore_regex=None, paths=None, packages_up_to=None, packages_up_to_regex=None, packages_above=None, packages_above_and_dependencies=None, packages_above_depth=None, packages_select_by_dep=None, packages_skip_by_dep=None, packages_skip_up_to=None, packages_select_build_failed=False, packages_skip_build_finished=False, packages_select_test_failures=False, packages_skip_test_passed=False, packages_select=None, packages_skip=None, packages_select_regex=None, packages_skip_regex=None, packages_start=None, packages_end=None, allow_overriding=[], cmake_args=None, cmake_target=None, cmake_target_skip_unavailable=False, cmake_clean_cache=False, cmake_clean_first=False, cmake_force_configure=False, ament_cmake_args=None, catkin_cmake_args=None, catkin_skip_building_tests=False, verb_parser=<colcon_defaults.argument_parser.defaults.DefaultArgumentsDecorator object at 0x7dbda0f28280>, verb_extension=<colcon_core.verb.build.BuildVerb object at 0x7dbda0ee7d30>, main=<bound method BuildVerb.main of <colcon_core.verb.build.BuildVerb object at 0x7dbda0ee7d30>>)
[0.478s] Level 1:colcon.colcon_core.package_discovery:discover_packages(colcon_meta) check parameters
[0.478s] Level 1:colcon.colcon_core.package_discovery:discover_packages(recursive) check parameters
[0.478s] Level 1:colcon.colcon_core.package_discovery:discover_packages(ignore) check parameters
[0.478s] Level 1:colcon.colcon_core.package_discovery:discover_packages(path) check parameters
[0.478s] Level 1:colcon.colcon_core.package_discovery:discover_packages(colcon_meta) discover
[0.478s] Level 1:colcon.colcon_core.package_discovery:discover_packages(recursive) discover
[0.479s] INFO:colcon.colcon_core.package_discovery:Crawling recursively for packages in '/home/anthony/Desktop/Assignment6'
[0.479s] Level 1:colcon.colcon_core.package_identification:_identify(.) by extensions ['ignore', 'ignore_ament_install']
[0.479s] Level 1:colcon.colcon_core.package_identification:_identify(.) by extension 'ignore'
[0.479s] Level 1:colcon.colcon_core.package_identification:_identify(.) by extension 'ignore_ament_install'
[0.479s] Level 1:colcon.colcon_core.package_identification:_identify(.) by extensions ['colcon_pkg']
[0.479s] Level 1:colcon.colcon_core.package_identification:_identify(.) by extension 'colcon_pkg'
[0.479s] Level 1:colcon.colcon_core.package_identification:_identify(.) by extensions ['colcon_meta']
[0.479s] Level 1:colcon.colcon_core.package_identification:_identify(.) by extension 'colcon_meta'
[0.479s] Level 1:colcon.colcon_core.package_identification:_identify(.) by extensions ['ros']
[0.479s] Level 1:colcon.colcon_core.package_identification:_identify(.) by extension 'ros'
[0.499s] Level 1:colcon.colcon_core.package_identification:_identify(.) by extensions ['cmake', 'python']
[0.499s] Level 1:colcon.colcon_core.package_identification:_identify(.) by extension 'cmake'
[0.499s] Level 1:colcon.colcon_core.package_identification:_identify(.) by extension 'python'
[0.499s] Level 1:colcon.colcon_core.package_identification:_identify(.) by extensions ['python_setup_py']
[0.499s] Level 1:colcon.colcon_core.package_identification:_identify(.) by extension 'python_setup_py'
[0.499s] Level 1:colcon.colcon_core.package_identification:_identify(build) by extensions ['ignore', 'ignore_ament_install']
[0.499s] Level 1:colcon.colcon_core.package_identification:_identify(build) by extension 'ignore'
[0.499s] Level 1:colcon.colcon_core.package_identification:_identify(build) ignored
[0.499s] Level 1:colcon.colcon_core.package_identification:_identify(install) by extensions ['ignore', 'ignore_ament_install']
[0.499s] Level 1:colcon.colcon_core.package_identification:_identify(install) by extension 'ignore'
[0.499s] Level 1:colcon.colcon_core.package_identification:_identify(install) ignored
[0.500s] Level 1:colcon.colcon_core.package_identification:_identify(log) by extensions ['ignore', 'ignore_ament_install']
[0.500s] Level 1:colcon.colcon_core.package_identification:_identify(log) by extension 'ignore'
[0.500s] Level 1:colcon.colcon_core.package_identification:_identify(log) ignored
[0.500s] Level 1:colcon.colcon_core.package_identification:_identify(src) by extensions ['ignore', 'ignore_ament_install']
[0.500s] Level 1:colcon.colcon_core.package_identification:_identify(src) by extension 'ignore'
[0.500s] Level 1:colcon.colcon_core.package_identification:_identify(src) by extension 'ignore_ament_install'
[0.500s] Level 1:colcon.colcon_core.package_identification:_identify(src) by extensions ['colcon_pkg']
[0.500s] Level 1:colcon.colcon_core.package_identification:_identify(src) by extension 'colcon_pkg'
[0.500s] Level 1:colcon.colcon_core.package_identification:_identify(src) by extensions ['colcon_meta']
[0.500s] Level 1:colcon.colcon_core.package_identification:_identify(src) by extension 'colcon_meta'
[0.500s] Level 1:colcon.colcon_core.package_identification:_identify(src) by extensions ['ros']
[0.500s] Level 1:colcon.colcon_core.package_identification:_identify(src) by extension 'ros'
[0.500s] Level 1:colcon.colcon_core.package_identification:_identify(src) by extensions ['cmake', 'python']
[0.500s] Level 1:colcon.colcon_core.package_identification:_identify(src) by extension 'cmake'
[0.500s] Level 1:colcon.colcon_core.package_identification:_identify(src) by extension 'python'
[0.500s] Level 1:colcon.colcon_core.package_identification:_identify(src) by extensions ['python_setup_py']
[0.500s] Level 1:colcon.colcon_core.package_identification:_identify(src) by extension 'python_setup_py'
[0.500s] Level 1:colcon.colcon_core.package_identification:_identify(src/temperature_monitoring_system) by extensions ['ignore', 'ignore_ament_install']
[0.500s] Level 1:colcon.colcon_core.package_identification:_identify(src/temperature_monitoring_system) by extension 'ignore'
[0.500s] Level 1:colcon.colcon_core.package_identification:_identify(src/temperature_monitoring_system) by extension 'ignore_ament_install'
[0.500s] Level 1:colcon.colcon_core.package_identification:_identify(src/temperature_monitoring_system) by extensions ['colcon_pkg']
[0.500s] Level 1:colcon.colcon_core.package_identification:_identify(src/temperature_monitoring_system) by extension 'colcon_pkg'
[0.500s] Level 1:colcon.colcon_core.package_identification:_identify(src/temperature_monitoring_system) by extensions ['colcon_meta']
[0.500s] Level 1:colcon.colcon_core.package_identification:_identify(src/temperature_monitoring_system) by extension 'colcon_meta'
[0.500s] Level 1:colcon.colcon_core.package_identification:_identify(src/temperature_monitoring_system) by extensions ['ros']
[0.501s] Level 1:colcon.colcon_core.package_identification:_identify(src/temperature_monitoring_system) by extension 'ros'
[0.503s] DEBUG:colcon.colcon_core.package_identification:Package 'src/temperature_monitoring_system' with type 'ros.ament_python' and name 'temperature_monitoring_system'
[0.503s] Level 1:colcon.colcon_core.package_discovery:discover_packages(recursive) using defaults
[0.503s] Level 1:colcon.colcon_core.package_discovery:discover_packages(ignore) discover
[0.503s] Level 1:colcon.colcon_core.package_discovery:discover_packages(ignore) using defaults
[0.503s] Level 1:colcon.colcon_core.package_discovery:discover_packages(path) discover
[0.503s] Level 1:colcon.colcon_core.package_discovery:discover_packages(path) using defaults
[0.532s] Level 1:colcon.colcon_core.package_discovery:discover_packages(prefix_path) check parameters
[0.532s] Level 1:colcon.colcon_core.package_discovery:discover_packages(prefix_path) discover
[0.534s] DEBUG:colcon.colcon_installed_package_information.package_discovery:Found 1 installed packages in /home/anthony/Desktop/Assignment6/install
[0.535s] DEBUG:colcon.colcon_installed_package_information.package_discovery:Found 270 installed packages in /opt/ros/humble
[0.538s] Level 1:colcon.colcon_core.package_discovery:discover_packages(prefix_path) using defaults
[0.612s] Level 5:colcon.colcon_core.verb:set package 'temperature_monitoring_system' build argument 'cmake_args' from command line to 'None'
[0.612s] Level 5:colcon.colcon_core.verb:set package 'temperature_monitoring_system' build argument 'cmake_target' from command line to 'None'
[0.612s] Level 5:colcon.colcon_core.verb:set package 'temperature_monitoring_system' build argument 'cmake_target_skip_unavailable' from command line to 'False'
[0.612s] Level 5:colcon.colcon_core.verb:set package 'temperature_monitoring_system' build argument 'cmake_clean_cache' from command line to 'False'
[0.612s] Level 5:colcon.colcon_core.verb:set package 'temperature_monitoring_system' build argument 'cmake_clean_first' from command line to 'False'
[0.612s] Level 5:colcon.colcon_core.verb:set package 'temperature_monitoring_system' build argument 'cmake_force_configure' from command line to 'False'
[0.612s] Level 5:colcon.colcon_core.verb:set package 'temperature_monitoring_system' build argument 'ament_cmake_args' from command line to 'None'
[0.612s] Level 5:colcon.colcon_core.verb:set package 'temperature_monitoring_system' build argument 'catkin_cmake_args' from command line to 'None'
[0.612s] Level 5:colcon.colcon_core.verb:set package 'temperature_monitoring_system' build argument 'catkin_skip_building_tests' from command line to 'False'
[0.612s] DEBUG:colcon.colcon_core.verb:Building package 'temperature_monitoring_system' with the following arguments: {'ament_cmake_args': None, 'build_base': '/home/anthony/Desktop/Assignment6/build/temperature_monitoring_system', 'catkin_cmake_args': None, 'catkin_skip_building_tests': False, 'cmake_args': None, 'cmake_clean_cache': False, 'cmake_clean_first': False, 'cmake_force_configure': False, 'cmake_target': None, 'cmake_target_skip_unavailable': False, 'install_base': '/home/anthony/Desktop/Assignment6/install/temperature_monitoring_system', 'merge_install': False, 'path': '/home/anthony/Desktop/Assignment6/src/temperature_monitoring_system', 'symlink_install': False, 'test_result_base': None}
[0.612s] INFO:colcon.colcon_core.executor:Executing jobs using 'parallel' executor
[0.614s] DEBUG:colcon.colcon_parallel_executor.executor.parallel:run_until_complete
[0.614s] INFO:colcon.colcon_ros.task.ament_python.build:Building ROS package in '/home/anthony/Desktop/Assignment6/src/temperature_monitoring_system' with build type 'ament_python'
[0.615s] Level 1:colcon.colcon_core.shell:create_environment_hook('temperature_monitoring_system', 'ament_prefix_path')
[0.618s] INFO:colcon.colcon_core.plugin_system:Skipping extension 'colcon_core.shell.bat': Not used on non-Windows systems
[0.618s] INFO:colcon.colcon_core.shell:Creating environment hook '/home/anthony/Desktop/Assignment6/install/temperature_monitoring_system/share/temperature_monitoring_system/hook/ament_prefix_path.ps1'
[0.619s] INFO:colcon.colcon_core.shell:Creating environment descriptor '/home/anthony/Desktop/Assignment6/install/temperature_monitoring_system/share/temperature_monitoring_system/hook/ament_prefix_path.dsv'
[0.619s] INFO:colcon.colcon_core.shell:Creating environment hook '/home/anthony/Desktop/Assignment6/install/temperature_monitoring_system/share/temperature_monitoring_system/hook/ament_prefix_path.sh'
[0.622s] INFO:colcon.colcon_core.shell:Skip shell extension 'powershell' for command environment: Not usable outside of PowerShell
[0.622s] DEBUG:colcon.colcon_core.shell:Skip shell extension 'dsv' for command environment
[1.011s] INFO:colcon.colcon_core.task.python.build:Building Python package in '/home/anthony/Desktop/Assignment6/src/temperature_monitoring_system'
[1.011s] INFO:colcon.colcon_core.shell:Skip shell extension 'powershell' for command environment: Not usable outside of PowerShell
[1.011s] DEBUG:colcon.colcon_core.shell:Skip shell extension 'dsv' for command environment
[1.492s] DEBUG:colcon.colcon_core.event_handler.log_command:Invoking command in '/home/anthony/Desktop/Assignment6/src/temperature_monitoring_system': PYTHONPATH=/home/anthony/Desktop/Assignment6/build/temperature_monitoring_system/prefix_override:/usr/lib/python3/dist-packages/colcon_core/task/python/colcon_distutils_commands:/home/anthony/Desktop/Assignment6/install/temperature_monitoring_system/lib/python3.10/site-packages:${PYTHONPATH} /usr/bin/python3 -W ignore:setup.py install is deprecated setup.py egg_info --egg-base ../../build/temperature_monitoring_system build --build-base /home/anthony/Desktop/Assignment6/build/temperature_monitoring_system/build install --record /home/anthony/Desktop/Assignment6/build/temperature_monitoring_system/install.log --single-version-externally-managed install_data
[2.000s] DEBUG:colcon.colcon_core.event_handler.log_command:Invoked command in '/home/anthony/Desktop/Assignment6/src/temperature_monitoring_system' returned '0': PYTHONPATH=/home/anthony/Desktop/Assignment6/build/temperature_monitoring_system/prefix_override:/usr/lib/python3/dist-packages/colcon_core/task/python/colcon_distutils_commands:/home/anthony/Desktop/Assignment6/install/temperature_monitoring_system/lib/python3.10/site-packages:${PYTHONPATH} /usr/bin/python3 -W ignore:setup.py install is deprecated setup.py egg_info --egg-base ../../build/temperature_monitoring_system build --build-base /home/anthony/Desktop/Assignment6/build/temperature_monitoring_system/build install --record /home/anthony/Desktop/Assignment6/build/temperature_monitoring_system/install.log --single-version-externally-managed install_data
[2.008s] Level 1:colcon.colcon_core.environment:checking '/home/anthony/Desktop/Assignment6/install/temperature_monitoring_system' for CMake module files
[2.009s] Level 1:colcon.colcon_core.environment:checking '/home/anthony/Desktop/Assignment6/install/temperature_monitoring_system' for CMake config files
[2.011s] Level 1:colcon.colcon_core.environment:checking '/home/anthony/Desktop/Assignment6/install/temperature_monitoring_system/lib'
[2.011s] Level 1:colcon.colcon_core.environment:checking '/home/anthony/Desktop/Assignment6/install/temperature_monitoring_system/bin'
[2.011s] Level 1:colcon.colcon_core.environment:checking '/home/anthony/Desktop/Assignment6/install/temperature_monitoring_system/lib/pkgconfig/temperature_monitoring_system.pc'
[2.012s] Level 1:colcon.colcon_core.environment:checking '/home/anthony/Desktop/Assignment6/install/temperature_monitoring_system/lib/python3.10/site-packages'
[2.012s] Level 1:colcon.colcon_core.shell:create_environment_hook('temperature_monitoring_system', 'pythonpath')
[2.013s] INFO:colcon.colcon_core.shell:Creating environment hook '/home/anthony/Desktop/Assignment6/install/temperature_monitoring_system/share/temperature_monitoring_system/hook/pythonpath.ps1'
[2.014s] INFO:colcon.colcon_core.shell:Creating environment descriptor '/home/anthony/Desktop/Assignment6/install/temperature_monitoring_system/share/temperature_monitoring_system/hook/pythonpath.dsv'
[2.015s] INFO:colcon.colcon_core.shell:Creating environment hook '/home/anthony/Desktop/Assignment6/install/temperature_monitoring_system/share/temperature_monitoring_system/hook/pythonpath.sh'
[2.016s] Level 1:colcon.colcon_core.environment:checking '/home/anthony/Desktop/Assignment6/install/temperature_monitoring_system/bin'
[2.016s] Level 1:colcon.colcon_core.environment:create_environment_scripts_only(temperature_monitoring_system)
[2.017s] INFO:colcon.colcon_core.shell:Creating package script '/home/anthony/Desktop/Assignment6/install/temperature_monitoring_system/share/temperature_monitoring_system/package.ps1'
[2.018s] INFO:colcon.colcon_core.shell:Creating package descriptor '/home/anthony/Desktop/Assignment6/install/temperature_monitoring_system/share/temperature_monitoring_system/package.dsv'
[2.020s] INFO:colcon.colcon_core.shell:Creating package script '/home/anthony/Desktop/Assignment6/install/temperature_monitoring_system/share/temperature_monitoring_system/package.sh'
[2.021s] INFO:colcon.colcon_core.shell:Creating package script '/home/anthony/Desktop/Assignment6/install/temperature_monitoring_system/share/temperature_monitoring_system/package.bash'
[2.022s] INFO:colcon.colcon_core.shell:Creating package script '/home/anthony/Desktop/Assignment6/install/temperature_monitoring_system/share/temperature_monitoring_system/package.zsh'
[2.024s] Level 1:colcon.colcon_core.environment:create_file_with_runtime_dependencies(/home/anthony/Desktop/Assignment6/install/temperature_monitoring_system/share/colcon-core/packages/temperature_monitoring_system)
[2.024s] DEBUG:colcon.colcon_parallel_executor.executor.parallel:closing loop
[2.025s] DEBUG:colcon.colcon_parallel_executor.executor.parallel:loop closed
[2.025s] DEBUG:colcon.colcon_parallel_executor.executor.parallel:run_until_complete finished with '0'
[2.025s] DEBUG:colcon.colcon_core.event_reactor:joining thread
[2.036s] INFO:colcon.colcon_core.plugin_system:Skipping extension 'colcon_notification.desktop_notification.terminal_notifier': Not used on non-Darwin systems
[2.036s] INFO:colcon.colcon_core.plugin_system:Skipping extension 'colcon_notification.desktop_notification.win32': Not used on non-Windows systems
[2.036s] INFO:colcon.colcon_notification.desktop_notification:Sending desktop notification using 'notify2'
[2.068s] DEBUG:colcon.colcon_core.event_reactor:joined thread
[2.069s] INFO:colcon.colcon_core.shell:Creating prefix script '/home/anthony/Desktop/Assignment6/install/local_setup.ps1'
[2.071s] INFO:colcon.colcon_core.shell:Creating prefix util module '/home/anthony/Desktop/Assignment6/install/_local_setup_util_ps1.py'
[2.074s] INFO:colcon.colcon_core.shell:Creating prefix chain script '/home/anthony/Desktop/Assignment6/install/setup.ps1'
[2.076s] INFO:colcon.colcon_core.shell:Creating prefix script '/home/anthony/Desktop/Assignment6/install/local_setup.sh'
[2.078s] INFO:colcon.colcon_core.shell:Creating prefix util module '/home/anthony/Desktop/Assignment6/install/_local_setup_util_sh.py'
[2.078s] INFO:colcon.colcon_core.shell:Creating prefix chain script '/home/anthony/Desktop/Assignment6/install/setup.sh'
[2.080s] INFO:colcon.colcon_core.shell:Creating prefix script '/home/anthony/Desktop/Assignment6/install/local_setup.bash'
[2.081s] INFO:colcon.colcon_core.shell:Creating prefix chain script '/home/anthony/Desktop/Assignment6/install/setup.bash'
[2.082s] INFO:colcon.colcon_core.shell:Creating prefix script '/home/anthony/Desktop/Assignment6/install/local_setup.zsh'
[2.083s] INFO:colcon.colcon_core.shell:Creating prefix chain script '/home/anthony/Desktop/Assignment6/install/setup.zsh'
