[3.358s] Invoking command in '/home/anthony/Desktop/Assignment6/src/temperature_monitoring_system': PYTHONPATH=/home/anthony/Desktop/Assignment6/build/temperature_monitoring_system/prefix_override:/usr/lib/python3/dist-packages/colcon_core/task/python/colcon_distutils_commands:/home/anthony/Desktop/Assignment6/install/temperature_monitoring_system/lib/python3.10/site-packages:${PYTHONPATH} /usr/bin/python3 -W ignore:setup.py install is deprecated setup.py egg_info --egg-base ../../build/temperature_monitoring_system build --build-base /home/anthony/Desktop/Assignment6/build/temperature_monitoring_system/build install --record /home/anthony/Desktop/Assignment6/build/temperature_monitoring_system/install.log --single-version-externally-managed install_data
[4.611s] running egg_info
[4.616s] writing ../../build/temperature_monitoring_system/temperature_monitoring_system.egg-info/PKG-INFO
[4.618s] writing dependency_links to ../../build/temperature_monitoring_system/temperature_monitoring_system.egg-info/dependency_links.txt
[4.621s] writing entry points to ../../build/temperature_monitoring_system/temperature_monitoring_system.egg-info/entry_points.txt
[4.623s] writing requirements to ../../build/temperature_monitoring_system/temperature_monitoring_system.egg-info/requires.txt
[4.625s] writing top-level names to ../../build/temperature_monitoring_system/temperature_monitoring_system.egg-info/top_level.txt
[4.636s] reading manifest file '../../build/temperature_monitoring_system/temperature_monitoring_system.egg-info/SOURCES.txt'
[4.641s] writing manifest file '../../build/temperature_monitoring_system/temperature_monitoring_system.egg-info/SOURCES.txt'
[4.643s] running build
[4.644s] running build_py
[4.647s] running install
[4.649s] running install_lib
[4.654s] running install_data
[4.655s] running install_egg_info
[4.662s] removing '/home/anthony/Desktop/Assignment6/install/temperature_monitoring_system/lib/python3.10/site-packages/temperature_monitoring_system-0.0.0-py3.10.egg-info' (and everything under it)
[4.665s] Copying ../../build/temperature_monitoring_system/temperature_monitoring_system.egg-info to /home/anthony/Desktop/Assignment6/install/temperature_monitoring_system/lib/python3.10/site-packages/temperature_monitoring_system-0.0.0-py3.10.egg-info
[4.669s] running install_scripts
[4.759s] Installing alert_node script to /home/anthony/Desktop/Assignment6/install/temperature_monitoring_system/lib/temperature_monitoring_system
[4.761s] Installing temp_sensor_node script to /home/anthony/Desktop/Assignment6/install/temperature_monitoring_system/lib/temperature_monitoring_system
[4.763s] Installing threshold_node script to /home/anthony/Desktop/Assignment6/install/temperature_monitoring_system/lib/temperature_monitoring_system
[4.765s] writing list of installed files to '/home/anthony/Desktop/Assignment6/build/temperature_monitoring_system/install.log'
[4.882s] Invoked command in '/home/anthony/Desktop/Assignment6/src/temperature_monitoring_system' returned '0': PYTHONPATH=/home/anthony/Desktop/Assignment6/build/temperature_monitoring_system/prefix_override:/usr/lib/python3/dist-packages/colcon_core/task/python/colcon_distutils_commands:/home/anthony/Desktop/Assignment6/install/temperature_monitoring_system/lib/python3.10/site-packages:${PYTHONPATH} /usr/bin/python3 -W ignore:setup.py install is deprecated setup.py egg_info --egg-base ../../build/temperature_monitoring_system build --build-base /home/anthony/Desktop/Assignment6/build/temperature_monitoring_system/build install --record /home/anthony/Desktop/Assignment6/build/temperature_monitoring_system/install.log --single-version-externally-managed install_data
