[2.909s] Invoking command in '/home/anthony/Desktop/Assignment6/src/temperature_monitoring_system': PYTHONPATH=/home/anthony/Desktop/Assignment6/build/temperature_monitoring_system/prefix_override:/usr/lib/python3/dist-packages/colcon_core/task/python/colcon_distutils_commands:/home/anthony/Desktop/Assignment6/install/temperature_monitoring_system/lib/python3.10/site-packages:${PYTHONPATH} /usr/bin/python3 -W ignore:setup.py install is deprecated setup.py egg_info --egg-base ../../build/temperature_monitoring_system build --build-base /home/anthony/Desktop/Assignment6/build/temperature_monitoring_system/build install --record /home/anthony/Desktop/Assignment6/build/temperature_monitoring_system/install.log --single-version-externally-managed install_data
[4.053s] running egg_info
[4.057s] writing ../../build/temperature_monitoring_system/temperature_monitoring_system.egg-info/PKG-INFO
[4.059s] writing dependency_links to ../../build/temperature_monitoring_system/temperature_monitoring_system.egg-info/dependency_links.txt
[4.061s] writing entry points to ../../build/temperature_monitoring_system/temperature_monitoring_system.egg-info/entry_points.txt
[4.062s] writing requirements to ../../build/temperature_monitoring_system/temperature_monitoring_system.egg-info/requires.txt
[4.063s] writing top-level names to ../../build/temperature_monitoring_system/temperature_monitoring_system.egg-info/top_level.txt
[4.071s] reading manifest file '../../build/temperature_monitoring_system/temperature_monitoring_system.egg-info/SOURCES.txt'
[4.077s] writing manifest file '../../build/temperature_monitoring_system/temperature_monitoring_system.egg-info/SOURCES.txt'
[4.077s] running build
[4.077s] running build_py
[4.079s] copying temperature_monitoring_system/threshold_node.py -> /home/anthony/Desktop/Assignment6/build/temperature_monitoring_system/build/lib/temperature_monitoring_system
[4.079s] copying temperature_monitoring_system/temp_sensor_node.py -> /home/anthony/Desktop/Assignment6/build/temperature_monitoring_system/build/lib/temperature_monitoring_system
[4.081s] running install
[4.083s] running install_lib
[4.086s] copying /home/anthony/Desktop/Assignment6/build/temperature_monitoring_system/build/lib/temperature_monitoring_system/threshold_node.py -> /home/anthony/Desktop/Assignment6/install/temperature_monitoring_system/lib/python3.10/site-packages/temperature_monitoring_system
[4.088s] copying /home/anthony/Desktop/Assignment6/build/temperature_monitoring_system/build/lib/temperature_monitoring_system/temp_sensor_node.py -> /home/anthony/Desktop/Assignment6/install/temperature_monitoring_system/lib/python3.10/site-packages/temperature_monitoring_system
[4.092s] byte-compiling /home/anthony/Desktop/Assignment6/install/temperature_monitoring_system/lib/python3.10/site-packages/temperature_monitoring_system/threshold_node.py to threshold_node.cpython-310.pyc
[4.095s] byte-compiling /home/anthony/Desktop/Assignment6/install/temperature_monitoring_system/lib/python3.10/site-packages/temperature_monitoring_system/temp_sensor_node.py to temp_sensor_node.cpython-310.pyc
[4.095s] running install_data
[4.096s] running install_egg_info
[4.103s] removing '/home/anthony/Desktop/Assignment6/install/temperature_monitoring_system/lib/python3.10/site-packages/temperature_monitoring_system-0.0.0-py3.10.egg-info' (and everything under it)
[4.104s] Copying ../../build/temperature_monitoring_system/temperature_monitoring_system.egg-info to /home/anthony/Desktop/Assignment6/install/temperature_monitoring_system/lib/python3.10/site-packages/temperature_monitoring_system-0.0.0-py3.10.egg-info
[4.107s] running install_scripts
[4.199s] Installing temp_sensor_node script to /home/anthony/Desktop/Assignment6/install/temperature_monitoring_system/lib/temperature_monitoring_system
[4.202s] writing list of installed files to '/home/anthony/Desktop/Assignment6/build/temperature_monitoring_system/install.log'
[4.294s] Invoked command in '/home/anthony/Desktop/Assignment6/src/temperature_monitoring_system' returned '0': PYTHONPATH=/home/anthony/Desktop/Assignment6/build/temperature_monitoring_system/prefix_override:/usr/lib/python3/dist-packages/colcon_core/task/python/colcon_distutils_commands:/home/anthony/Desktop/Assignment6/install/temperature_monitoring_system/lib/python3.10/site-packages:${PYTHONPATH} /usr/bin/python3 -W ignore:setup.py install is deprecated setup.py egg_info --egg-base ../../build/temperature_monitoring_system build --build-base /home/anthony/Desktop/Assignment6/build/temperature_monitoring_system/build install --record /home/anthony/Desktop/Assignment6/build/temperature_monitoring_system/install.log --single-version-externally-managed install_data
