[0.496s] DEBUG:colcon:Command line arguments: ['/usr/bin/colcon', 'build']
[0.496s] DEBUG:colcon:Parsed command line arguments: Namespace(log_base=None, log_level=None, verb_name='build', build_base='build', install_base='install', merge_install=False, symlink_install=False, test_result_base=None, continue_on_error=False, executor='parallel', parallel_workers=2, event_handlers=None, ignore_user_meta=False, metas=['./colcon.meta'], base_paths=['.'], packages_ignore=None, packages_ignore_regex=None, paths=None, packages_up_to=None, packages_up_to_regex=None, packages_above=None, packages_above_and_dependencies=None, packages_above_depth=None, packages_select_by_dep=None, packages_skip_by_dep=None, packages_skip_up_to=None, packages_select_build_failed=False, packages_skip_build_finished=False, packages_select_test_failures=False, packages_skip_test_passed=False, packages_select=None, packages_skip=None, packages_select_regex=None, packages_skip_regex=None, packages_start=None, packages_end=None, allow_overriding=[], cmake_args=None, cmake_target=None, cmake_target_skip_unavailable=False, cmake_clean_cache=False, cmake_clean_first=False, cmake_force_configure=False, ament_cmake_args=None, catkin_cmake_args=None, catkin_skip_building_tests=False, verb_parser=<colcon_defaults.argument_parser.defaults.DefaultArgumentsDecorator object at 0x7a5577897ca0>, verb_extension=<colcon_core.verb.build.BuildVerb object at 0x7a5577897790>, main=<bound method BuildVerb.main of <colcon_core.verb.build.BuildVerb object at 0x7a5577897790>>)
[1.480s] Level 1:colcon.colcon_core.package_discovery:discover_packages(colcon_meta) check parameters
[1.481s] Level 1:colcon.colcon_core.package_discovery:discover_packages(recursive) check parameters
[1.481s] Level 1:colcon.colcon_core.package_discovery:discover_packages(ignore) check parameters
[1.481s] Level 1:colcon.colcon_core.package_discovery:discover_packages(path) check parameters
[1.482s] Level 1:colcon.colcon_core.package_discovery:discover_packages(colcon_meta) discover
[1.482s] Level 1:colcon.colcon_core.package_discovery:discover_packages(recursive) discover
[1.482s] INFO:colcon.colcon_core.package_discovery:Crawling recursively for packages in '/home/anthony/Desktop/Assignment6'
[1.483s] Level 1:colcon.colcon_core.package_identification:_identify(.) by extensions ['ignore', 'ignore_ament_install']
[1.483s] Level 1:colcon.colcon_core.package_identification:_identify(.) by extension 'ignore'
[1.484s] Level 1:colcon.colcon_core.package_identification:_identify(.) by extension 'ignore_ament_install'
[1.484s] Level 1:colcon.colcon_core.package_identification:_identify(.) by extensions ['colcon_pkg']
[1.484s] Level 1:colcon.colcon_core.package_identification:_identify(.) by extension 'colcon_pkg'
[1.484s] Level 1:colcon.colcon_core.package_identification:_identify(.) by extensions ['colcon_meta']
[1.484s] Level 1:colcon.colcon_core.package_identification:_identify(.) by extension 'colcon_meta'
[1.485s] Level 1:colcon.colcon_core.package_identification:_identify(.) by extensions ['ros']
[1.485s] Level 1:colcon.colcon_core.package_identification:_identify(.) by extension 'ros'
[1.543s] Level 1:colcon.colcon_core.package_identification:_identify(.) by extensions ['cmake', 'python']
[1.543s] Level 1:colcon.colcon_core.package_identification:_identify(.) by extension 'cmake'
[1.544s] Level 1:colcon.colcon_core.package_identification:_identify(.) by extension 'python'
[1.544s] Level 1:colcon.colcon_core.package_identification:_identify(.) by extensions ['python_setup_py']
[1.544s] Level 1:colcon.colcon_core.package_identification:_identify(.) by extension 'python_setup_py'
[1.545s] Level 1:colcon.colcon_core.package_identification:_identify(build) by extensions ['ignore', 'ignore_ament_install']
[1.545s] Level 1:colcon.colcon_core.package_identification:_identify(build) by extension 'ignore'
[1.545s] Level 1:colcon.colcon_core.package_identification:_identify(build) ignored
[1.546s] Level 1:colcon.colcon_core.package_identification:_identify(install) by extensions ['ignore', 'ignore_ament_install']
[1.547s] Level 1:colcon.colcon_core.package_identification:_identify(install) by extension 'ignore'
[1.547s] Level 1:colcon.colcon_core.package_identification:_identify(install) ignored
[1.547s] Level 1:colcon.colcon_core.package_identification:_identify(log) by extensions ['ignore', 'ignore_ament_install']
[1.548s] Level 1:colcon.colcon_core.package_identification:_identify(log) by extension 'ignore'
[1.548s] Level 1:colcon.colcon_core.package_identification:_identify(log) ignored
[1.549s] Level 1:colcon.colcon_core.package_identification:_identify(src) by extensions ['ignore', 'ignore_ament_install']
[1.549s] Level 1:colcon.colcon_core.package_identification:_identify(src) by extension 'ignore'
[1.549s] Level 1:colcon.colcon_core.package_identification:_identify(src) by extension 'ignore_ament_install'
[1.550s] Level 1:colcon.colcon_core.package_identification:_identify(src) by extensions ['colcon_pkg']
[1.550s] Level 1:colcon.colcon_core.package_identification:_identify(src) by extension 'colcon_pkg'
[1.550s] Level 1:colcon.colcon_core.package_identification:_identify(src) by extensions ['colcon_meta']
[1.550s] Level 1:colcon.colcon_core.package_identification:_identify(src) by extension 'colcon_meta'
[1.550s] Level 1:colcon.colcon_core.package_identification:_identify(src) by extensions ['ros']
[1.551s] Level 1:colcon.colcon_core.package_identification:_identify(src) by extension 'ros'
[1.551s] Level 1:colcon.colcon_core.package_identification:_identify(src) by extensions ['cmake', 'python']
[1.551s] Level 1:colcon.colcon_core.package_identification:_identify(src) by extension 'cmake'
[1.552s] Level 1:colcon.colcon_core.package_identification:_identify(src) by extension 'python'
[1.552s] Level 1:colcon.colcon_core.package_identification:_identify(src) by extensions ['python_setup_py']
[1.552s] Level 1:colcon.colcon_core.package_identification:_identify(src) by extension 'python_setup_py'
[1.553s] Level 1:colcon.colcon_core.package_identification:_identify(src/temperature_monitoring_system) by extensions ['ignore', 'ignore_ament_install']
[1.553s] Level 1:colcon.colcon_core.package_identification:_identify(src/temperature_monitoring_system) by extension 'ignore'
[1.553s] Level 1:colcon.colcon_core.package_identification:_identify(src/temperature_monitoring_system) by extension 'ignore_ament_install'
[1.554s] Level 1:colcon.colcon_core.package_identification:_identify(src/temperature_monitoring_system) by extensions ['colcon_pkg']
[1.554s] Level 1:colcon.colcon_core.package_identification:_identify(src/temperature_monitoring_system) by extension 'colcon_pkg'
[1.554s] Level 1:colcon.colcon_core.package_identification:_identify(src/temperature_monitoring_system) by extensions ['colcon_meta']
[1.554s] Level 1:colcon.colcon_core.package_identification:_identify(src/temperature_monitoring_system) by extension 'colcon_meta'
[1.555s] Level 1:colcon.colcon_core.package_identification:_identify(src/temperature_monitoring_system) by extensions ['ros']
[1.555s] Level 1:colcon.colcon_core.package_identification:_identify(src/temperature_monitoring_system) by extension 'ros'
[1.574s] DEBUG:colcon.colcon_core.package_identification:Package 'src/temperature_monitoring_system' with type 'ros.ament_python' and name 'temperature_monitoring_system'
[1.574s] Level 1:colcon.colcon_core.package_discovery:discover_packages(recursive) using defaults
[1.575s] Level 1:colcon.colcon_core.package_discovery:discover_packages(ignore) discover
[1.575s] Level 1:colcon.colcon_core.package_discovery:discover_packages(ignore) using defaults
[1.575s] Level 1:colcon.colcon_core.package_discovery:discover_packages(path) discover
[1.575s] Level 1:colcon.colcon_core.package_discovery:discover_packages(path) using defaults
[1.666s] Level 1:colcon.colcon_core.package_discovery:discover_packages(prefix_path) check parameters
[1.666s] Level 1:colcon.colcon_core.package_discovery:discover_packages(prefix_path) discover
[1.677s] DEBUG:colcon.colcon_installed_package_information.package_discovery:Found 270 installed packages in /opt/ros/humble
[1.682s] Level 1:colcon.colcon_core.package_discovery:discover_packages(prefix_path) using defaults
[1.957s] Level 5:colcon.colcon_core.verb:set package 'temperature_monitoring_system' build argument 'cmake_args' from command line to 'None'
[1.958s] Level 5:colcon.colcon_core.verb:set package 'temperature_monitoring_system' build argument 'cmake_target' from command line to 'None'
[1.958s] Level 5:colcon.colcon_core.verb:set package 'temperature_monitoring_system' build argument 'cmake_target_skip_unavailable' from command line to 'False'
[1.958s] Level 5:colcon.colcon_core.verb:set package 'temperature_monitoring_system' build argument 'cmake_clean_cache' from command line to 'False'
[1.959s] Level 5:colcon.colcon_core.verb:set package 'temperature_monitoring_system' build argument 'cmake_clean_first' from command line to 'False'
[1.959s] Level 5:colcon.colcon_core.verb:set package 'temperature_monitoring_system' build argument 'cmake_force_configure' from command line to 'False'
[1.959s] Level 5:colcon.colcon_core.verb:set package 'temperature_monitoring_system' build argument 'ament_cmake_args' from command line to 'None'
[1.959s] Level 5:colcon.colcon_core.verb:set package 'temperature_monitoring_system' build argument 'catkin_cmake_args' from command line to 'None'
[1.959s] Level 5:colcon.colcon_core.verb:set package 'temperature_monitoring_system' build argument 'catkin_skip_building_tests' from command line to 'False'
[1.959s] DEBUG:colcon.colcon_core.verb:Building package 'temperature_monitoring_system' with the following arguments: {'ament_cmake_args': None, 'build_base': '/home/anthony/Desktop/Assignment6/build/temperature_monitoring_system', 'catkin_cmake_args': None, 'catkin_skip_building_tests': False, 'cmake_args': None, 'cmake_clean_cache': False, 'cmake_clean_first': False, 'cmake_force_configure': False, 'cmake_target': None, 'cmake_target_skip_unavailable': False, 'install_base': '/home/anthony/Desktop/Assignment6/install/temperature_monitoring_system', 'merge_install': False, 'path': '/home/anthony/Desktop/Assignment6/src/temperature_monitoring_system', 'symlink_install': False, 'test_result_base': None}
[1.960s] INFO:colcon.colcon_core.executor:Executing jobs using 'parallel' executor
[1.969s] DEBUG:colcon.colcon_parallel_executor.executor.parallel:run_until_complete
[1.971s] INFO:colcon.colcon_ros.task.ament_python.build:Building ROS package in '/home/anthony/Desktop/Assignment6/src/temperature_monitoring_system' with build type 'ament_python'
[1.971s] Level 1:colcon.colcon_core.shell:create_environment_hook('temperature_monitoring_system', 'ament_prefix_path')
[1.981s] INFO:colcon.colcon_core.plugin_system:Skipping extension 'colcon_core.shell.bat': Not used on non-Windows systems
[1.982s] INFO:colcon.colcon_core.shell:Creating environment hook '/home/anthony/Desktop/Assignment6/install/temperature_monitoring_system/share/temperature_monitoring_system/hook/ament_prefix_path.ps1'
[1.988s] INFO:colcon.colcon_core.shell:Creating environment descriptor '/home/anthony/Desktop/Assignment6/install/temperature_monitoring_system/share/temperature_monitoring_system/hook/ament_prefix_path.dsv'
[1.991s] INFO:colcon.colcon_core.shell:Creating environment hook '/home/anthony/Desktop/Assignment6/install/temperature_monitoring_system/share/temperature_monitoring_system/hook/ament_prefix_path.sh'
[1.996s] INFO:colcon.colcon_core.shell:Skip shell extension 'powershell' for command environment: Not usable outside of PowerShell
[1.996s] DEBUG:colcon.colcon_core.shell:Skip shell extension 'dsv' for command environment
[3.257s] INFO:colcon.colcon_core.task.python.build:Building Python package in '/home/anthony/Desktop/Assignment6/src/temperature_monitoring_system'
[3.258s] INFO:colcon.colcon_core.shell:Skip shell extension 'powershell' for command environment: Not usable outside of PowerShell
[3.259s] DEBUG:colcon.colcon_core.shell:Skip shell extension 'dsv' for command environment
[5.066s] DEBUG:colcon.colcon_core.event_handler.log_command:Invoking command in '/home/anthony/Desktop/Assignment6/src/temperature_monitoring_system': PYTHONPATH=/home/anthony/Desktop/Assignment6/build/temperature_monitoring_system/prefix_override:/usr/lib/python3/dist-packages/colcon_core/task/python/colcon_distutils_commands:/home/anthony/Desktop/Assignment6/install/temperature_monitoring_system/lib/python3.10/site-packages:${PYTHONPATH} /usr/bin/python3 -W ignore:setup.py install is deprecated setup.py egg_info --egg-base ../../build/temperature_monitoring_system build --build-base /home/anthony/Desktop/Assignment6/build/temperature_monitoring_system/build install --record /home/anthony/Desktop/Assignment6/build/temperature_monitoring_system/install.log --single-version-externally-managed install_data
[6.522s] DEBUG:colcon.colcon_core.event_handler.log_command:Invoked command in '/home/anthony/Desktop/Assignment6/src/temperature_monitoring_system' returned '0': PYTHONPATH=/home/anthony/Desktop/Assignment6/build/temperature_monitoring_system/prefix_override:/usr/lib/python3/dist-packages/colcon_core/task/python/colcon_distutils_commands:/home/anthony/Desktop/Assignment6/install/temperature_monitoring_system/lib/python3.10/site-packages:${PYTHONPATH} /usr/bin/python3 -W ignore:setup.py install is deprecated setup.py egg_info --egg-base ../../build/temperature_monitoring_system build --build-base /home/anthony/Desktop/Assignment6/build/temperature_monitoring_system/build install --record /home/anthony/Desktop/Assignment6/build/temperature_monitoring_system/install.log --single-version-externally-managed install_data
[6.553s] Level 1:colcon.colcon_core.environment:checking '/home/anthony/Desktop/Assignment6/install/temperature_monitoring_system' for CMake module files
[6.561s] Level 1:colcon.colcon_core.environment:checking '/home/anthony/Desktop/Assignment6/install/temperature_monitoring_system' for CMake config files
[6.566s] Level 1:colcon.colcon_core.environment:checking '/home/anthony/Desktop/Assignment6/install/temperature_monitoring_system/lib'
[6.567s] Level 1:colcon.colcon_core.environment:checking '/home/anthony/Desktop/Assignment6/install/temperature_monitoring_system/bin'
[6.568s] Level 1:colcon.colcon_core.environment:checking '/home/anthony/Desktop/Assignment6/install/temperature_monitoring_system/lib/pkgconfig/temperature_monitoring_system.pc'
[6.568s] Level 1:colcon.colcon_core.environment:checking '/home/anthony/Desktop/Assignment6/install/temperature_monitoring_system/lib/python3.10/site-packages'
[6.569s] Level 1:colcon.colcon_core.shell:create_environment_hook('temperature_monitoring_system', 'pythonpath')
[6.570s] INFO:colcon.colcon_core.shell:Creating environment hook '/home/anthony/Desktop/Assignment6/install/temperature_monitoring_system/share/temperature_monitoring_system/hook/pythonpath.ps1'
[6.572s] INFO:colcon.colcon_core.shell:Creating environment descriptor '/home/anthony/Desktop/Assignment6/install/temperature_monitoring_system/share/temperature_monitoring_system/hook/pythonpath.dsv'
[6.573s] INFO:colcon.colcon_core.shell:Creating environment hook '/home/anthony/Desktop/Assignment6/install/temperature_monitoring_system/share/temperature_monitoring_system/hook/pythonpath.sh'
[6.576s] Level 1:colcon.colcon_core.environment:checking '/home/anthony/Desktop/Assignment6/install/temperature_monitoring_system/bin'
[6.576s] Level 1:colcon.colcon_core.environment:create_environment_scripts_only(temperature_monitoring_system)
[6.578s] INFO:colcon.colcon_core.shell:Creating package script '/home/anthony/Desktop/Assignment6/install/temperature_monitoring_system/share/temperature_monitoring_system/package.ps1'
[6.584s] INFO:colcon.colcon_core.shell:Creating package descriptor '/home/anthony/Desktop/Assignment6/install/temperature_monitoring_system/share/temperature_monitoring_system/package.dsv'
[6.588s] INFO:colcon.colcon_core.shell:Creating package script '/home/anthony/Desktop/Assignment6/install/temperature_monitoring_system/share/temperature_monitoring_system/package.sh'
[6.593s] INFO:colcon.colcon_core.shell:Creating package script '/home/anthony/Desktop/Assignment6/install/temperature_monitoring_system/share/temperature_monitoring_system/package.bash'
[6.598s] INFO:colcon.colcon_core.shell:Creating package script '/home/anthony/Desktop/Assignment6/install/temperature_monitoring_system/share/temperature_monitoring_system/package.zsh'
[6.603s] Level 1:colcon.colcon_core.environment:create_file_with_runtime_dependencies(/home/anthony/Desktop/Assignment6/install/temperature_monitoring_system/share/colcon-core/packages/temperature_monitoring_system)
[6.605s] DEBUG:colcon.colcon_parallel_executor.executor.parallel:closing loop
[6.607s] DEBUG:colcon.colcon_parallel_executor.executor.parallel:loop closed
[6.608s] DEBUG:colcon.colcon_parallel_executor.executor.parallel:run_until_complete finished with '0'
[6.608s] DEBUG:colcon.colcon_core.event_reactor:joining thread
[6.631s] INFO:colcon.colcon_core.plugin_system:Skipping extension 'colcon_notification.desktop_notification.terminal_notifier': Not used on non-Darwin systems
[6.632s] INFO:colcon.colcon_core.plugin_system:Skipping extension 'colcon_notification.desktop_notification.win32': Not used on non-Windows systems
[6.632s] INFO:colcon.colcon_notification.desktop_notification:Sending desktop notification using 'notify2'
[6.686s] DEBUG:colcon.colcon_core.event_reactor:joined thread
[6.687s] INFO:colcon.colcon_core.shell:Creating prefix script '/home/anthony/Desktop/Assignment6/install/local_setup.ps1'
[6.691s] INFO:colcon.colcon_core.shell:Creating prefix util module '/home/anthony/Desktop/Assignment6/install/_local_setup_util_ps1.py'
[6.695s] INFO:colcon.colcon_core.shell:Creating prefix chain script '/home/anthony/Desktop/Assignment6/install/setup.ps1'
[6.698s] INFO:colcon.colcon_core.shell:Creating prefix script '/home/anthony/Desktop/Assignment6/install/local_setup.sh'
[6.702s] INFO:colcon.colcon_core.shell:Creating prefix util module '/home/anthony/Desktop/Assignment6/install/_local_setup_util_sh.py'
[6.704s] INFO:colcon.colcon_core.shell:Creating prefix chain script '/home/anthony/Desktop/Assignment6/install/setup.sh'
[6.709s] INFO:colcon.colcon_core.shell:Creating prefix script '/home/anthony/Desktop/Assignment6/install/local_setup.bash'
[6.711s] INFO:colcon.colcon_core.shell:Creating prefix chain script '/home/anthony/Desktop/Assignment6/install/setup.bash'
[6.714s] INFO:colcon.colcon_core.shell:Creating prefix script '/home/anthony/Desktop/Assignment6/install/local_setup.zsh'
[6.717s] INFO:colcon.colcon_core.shell:Creating prefix chain script '/home/anthony/Desktop/Assignment6/install/setup.zsh'
