[3.703s] Invoking command in '/home/anthony/Desktop/Assignment6/build/temperature_monitoring_system': PYTHONPATH=/home/anthony/Desktop/Assignment6/build/temperature_monitoring_system/prefix_override:/usr/lib/python3/dist-packages/colcon_core/task/python/colcon_distutils_commands:/home/anthony/Desktop/Assignment6/install/temperature_monitoring_system/lib/python3.10/site-packages:${PYTHONPATH} /usr/bin/python3 -W ignore:setup.py install is deprecated setup.py develop --editable --build-directory /home/anthony/Desktop/Assignment6/build/temperature_monitoring_system/build --no-deps symlink_data
[5.248s] running develop
[5.251s] /usr/lib/python3/dist-packages/setuptools/command/easy_install.py:158: EasyInstallDeprecationWarning: easy_install command is deprecated. Use build and pip and other standards-based tools.
[5.252s]   warnings.warn(
[6.064s] running egg_info
[6.066s] writing temperature_monitoring_system.egg-info/PKG-INFO
[6.069s] writing dependency_links to temperature_monitoring_system.egg-info/dependency_links.txt
[6.071s] writing entry points to temperature_monitoring_system.egg-info/entry_points.txt
[6.072s] writing requirements to temperature_monitoring_system.egg-info/requires.txt
[6.073s] writing top-level names to temperature_monitoring_system.egg-info/top_level.txt
[6.082s] reading manifest file 'temperature_monitoring_system.egg-info/SOURCES.txt'
[6.088s] writing manifest file 'temperature_monitoring_system.egg-info/SOURCES.txt'
[6.095s] running build_ext
[6.096s] Creating /home/anthony/Desktop/Assignment6/install/temperature_monitoring_system/lib/python3.10/site-packages/temperature-monitoring-system.egg-link (link to .)
[6.102s] Installing alert_node script to /home/anthony/Desktop/Assignment6/install/temperature_monitoring_system/lib/temperature_monitoring_system
[6.103s] Installing temp_sensor_node script to /home/anthony/Desktop/Assignment6/install/temperature_monitoring_system/lib/temperature_monitoring_system
[6.104s] Installing threshold_node script to /home/anthony/Desktop/Assignment6/install/temperature_monitoring_system/lib/temperature_monitoring_system
[6.109s] 
[6.110s] Installed /home/anthony/Desktop/Assignment6/build/temperature_monitoring_system
[6.110s] running symlink_data
[6.232s] Invoked command in '/home/anthony/Desktop/Assignment6/build/temperature_monitoring_system' returned '0': PYTHONPATH=/home/anthony/Desktop/Assignment6/build/temperature_monitoring_system/prefix_override:/usr/lib/python3/dist-packages/colcon_core/task/python/colcon_distutils_commands:/home/anthony/Desktop/Assignment6/install/temperature_monitoring_system/lib/python3.10/site-packages:${PYTHONPATH} /usr/bin/python3 -W ignore:setup.py install is deprecated setup.py develop --editable --build-directory /home/anthony/Desktop/Assignment6/build/temperature_monitoring_system/build --no-deps symlink_data
