[2.784s] Invoking command in '/home/anthony/Desktop/Assignment6/src/temperature_monitoring_system': PYTHONPATH=/home/anthony/Desktop/Assignment6/build/temperature_monitoring_system/prefix_override:/usr/lib/python3/dist-packages/colcon_core/task/python/colcon_distutils_commands:/home/anthony/Desktop/Assignment6/install/temperature_monitoring_system/lib/python3.10/site-packages:${PYTHONPATH} /usr/bin/python3 -W ignore:setup.py install is deprecated setup.py egg_info --egg-base ../../build/temperature_monitoring_system build --build-base /home/anthony/Desktop/Assignment6/build/temperature_monitoring_system/build install --record /home/anthony/Desktop/Assignment6/build/temperature_monitoring_system/install.log --single-version-externally-managed install_data
[3.830s] running egg_info
[3.836s] writing ../../build/temperature_monitoring_system/temperature_monitoring_system.egg-info/PKG-INFO
[3.839s] writing dependency_links to ../../build/temperature_monitoring_system/temperature_monitoring_system.egg-info/dependency_links.txt
[3.841s] writing entry points to ../../build/temperature_monitoring_system/temperature_monitoring_system.egg-info/entry_points.txt
[3.843s] writing requirements to ../../build/temperature_monitoring_system/temperature_monitoring_system.egg-info/requires.txt
[3.844s] writing top-level names to ../../build/temperature_monitoring_system/temperature_monitoring_system.egg-info/top_level.txt
[3.854s] reading manifest file '../../build/temperature_monitoring_system/temperature_monitoring_system.egg-info/SOURCES.txt'
[3.862s] writing manifest file '../../build/temperature_monitoring_system/temperature_monitoring_system.egg-info/SOURCES.txt'
[3.863s] running build
[3.863s] running build_py
[3.863s] copying temperature_monitoring_system/temp_sensor_node.py -> /home/anthony/Desktop/Assignment6/build/temperature_monitoring_system/build/lib/temperature_monitoring_system
[3.870s] running install
[3.870s] running install_lib
[3.870s] copying /home/anthony/Desktop/Assignment6/build/temperature_monitoring_system/build/lib/temperature_monitoring_system/temp_sensor_node.py -> /home/anthony/Desktop/Assignment6/install/temperature_monitoring_system/lib/python3.10/site-packages/temperature_monitoring_system
[3.873s] byte-compiling /home/anthony/Desktop/Assignment6/install/temperature_monitoring_system/lib/python3.10/site-packages/temperature_monitoring_system/temp_sensor_node.py to temp_sensor_node.cpython-310.pyc
[3.880s] running install_data
[3.881s] running install_egg_info
[3.889s] removing '/home/anthony/Desktop/Assignment6/install/temperature_monitoring_system/lib/python3.10/site-packages/temperature_monitoring_system-0.0.0-py3.10.egg-info' (and everything under it)
[3.890s] Copying ../../build/temperature_monitoring_system/temperature_monitoring_system.egg-info to /home/anthony/Desktop/Assignment6/install/temperature_monitoring_system/lib/python3.10/site-packages/temperature_monitoring_system-0.0.0-py3.10.egg-info
[3.895s] running install_scripts
[4.005s] Installing temp_sensor_node script to /home/anthony/Desktop/Assignment6/install/temperature_monitoring_system/lib/temperature_monitoring_system
[4.007s] writing list of installed files to '/home/anthony/Desktop/Assignment6/build/temperature_monitoring_system/install.log'
[4.080s] Invoked command in '/home/anthony/Desktop/Assignment6/src/temperature_monitoring_system' returned '0': PYTHONPATH=/home/anthony/Desktop/Assignment6/build/temperature_monitoring_system/prefix_override:/usr/lib/python3/dist-packages/colcon_core/task/python/colcon_distutils_commands:/home/anthony/Desktop/Assignment6/install/temperature_monitoring_system/lib/python3.10/site-packages:${PYTHONPATH} /usr/bin/python3 -W ignore:setup.py install is deprecated setup.py egg_info --egg-base ../../build/temperature_monitoring_system build --build-base /home/anthony/Desktop/Assignment6/build/temperature_monitoring_system/build install --record /home/anthony/Desktop/Assignment6/build/temperature_monitoring_system/install.log --single-version-externally-managed install_data
