[1.056s] Invoking command in '/home/anthony/Desktop/Assignment6/src/temperature_monitoring_system': PYTHONPATH=/home/anthony/Desktop/Assignment6/build/temperature_monitoring_system/prefix_override:/usr/lib/python3/dist-packages/colcon_core/task/python/colcon_distutils_commands:/home/anthony/Desktop/Assignment6/install/temperature_monitoring_system/lib/python3.10/site-packages:${PYTHONPATH} /usr/bin/python3 -W ignore:setup.py install is deprecated setup.py egg_info --egg-base ../../build/temperature_monitoring_system build --build-base /home/anthony/Desktop/Assignment6/build/temperature_monitoring_system/build install --record /home/anthony/Desktop/Assignment6/build/temperature_monitoring_system/install.log --single-version-externally-managed install_data
[1.409s] running egg_info
[1.409s] writing ../../build/temperature_monitoring_system/temperature_monitoring_system.egg-info/PKG-INFO
[1.410s] writing dependency_links to ../../build/temperature_monitoring_system/temperature_monitoring_system.egg-info/dependency_links.txt
[1.410s] writing entry points to ../../build/temperature_monitoring_system/temperature_monitoring_system.egg-info/entry_points.txt
[1.410s] writing requirements to ../../build/temperature_monitoring_system/temperature_monitoring_system.egg-info/requires.txt
[1.410s] writing top-level names to ../../build/temperature_monitoring_system/temperature_monitoring_system.egg-info/top_level.txt
[1.412s] reading manifest file '../../build/temperature_monitoring_system/temperature_monitoring_system.egg-info/SOURCES.txt'
[1.422s] writing manifest file '../../build/temperature_monitoring_system/temperature_monitoring_system.egg-info/SOURCES.txt'
[1.422s] running build
[1.422s] running build_py
[1.423s] running install
[1.423s] running install_lib
[1.427s] running install_data
[1.428s] creating /home/anthony/Desktop/Assignment6/install/temperature_monitoring_system/share/temperature_monitoring_system/launch
[1.428s] copying launch/temperature_monitor_launch.py -> /home/anthony/Desktop/Assignment6/install/temperature_monitoring_system/share/temperature_monitoring_system/launch
[1.428s] running install_egg_info
[1.433s] removing '/home/anthony/Desktop/Assignment6/install/temperature_monitoring_system/lib/python3.10/site-packages/temperature_monitoring_system-0.0.0-py3.10.egg-info' (and everything under it)
[1.436s] Copying ../../build/temperature_monitoring_system/temperature_monitoring_system.egg-info to /home/anthony/Desktop/Assignment6/install/temperature_monitoring_system/lib/python3.10/site-packages/temperature_monitoring_system-0.0.0-py3.10.egg-info
[1.440s] running install_scripts
[1.486s] Installing alert_node script to /home/anthony/Desktop/Assignment6/install/temperature_monitoring_system/lib/temperature_monitoring_system
[1.486s] Installing temp_sensor_node script to /home/anthony/Desktop/Assignment6/install/temperature_monitoring_system/lib/temperature_monitoring_system
[1.487s] Installing threshold_node script to /home/anthony/Desktop/Assignment6/install/temperature_monitoring_system/lib/temperature_monitoring_system
[1.487s] writing list of installed files to '/home/anthony/Desktop/Assignment6/build/temperature_monitoring_system/install.log'
[1.518s] Invoked command in '/home/anthony/Desktop/Assignment6/src/temperature_monitoring_system' returned '0': PYTHONPATH=/home/anthony/Desktop/Assignment6/build/temperature_monitoring_system/prefix_override:/usr/lib/python3/dist-packages/colcon_core/task/python/colcon_distutils_commands:/home/anthony/Desktop/Assignment6/install/temperature_monitoring_system/lib/python3.10/site-packages:${PYTHONPATH} /usr/bin/python3 -W ignore:setup.py install is deprecated setup.py egg_info --egg-base ../../build/temperature_monitoring_system build --build-base /home/anthony/Desktop/Assignment6/build/temperature_monitoring_system/build install --record /home/anthony/Desktop/Assignment6/build/temperature_monitoring_system/install.log --single-version-externally-managed install_data
