[1.615s] DEBUG:colcon:Command line arguments: ['/usr/bin/colcon', 'list', '-p', '--base-paths', '/home/anthony/Desktop/Assignment6']
[1.616s] DEBUG:colcon:Parsed command line arguments: Namespace(log_base=None, log_level=None, verb_name='list', build_base='build', ignore_user_meta=False, metas=['./colcon.meta'], base_paths=['/home/anthony/Desktop/Assignment6'], packages_ignore=None, packages_ignore_regex=None, paths=None, packages_up_to=None, packages_up_to_regex=None, packages_above=None, packages_above_and_dependencies=None, packages_above_depth=None, packages_select_by_dep=None, packages_skip_by_dep=None, packages_skip_up_to=None, packages_select_build_failed=False, packages_skip_build_finished=False, packages_select_test_failures=False, packages_skip_test_passed=False, packages_select=None, packages_skip=None, packages_select_regex=None, packages_skip_regex=None, packages_start=None, packages_end=None, allow_overriding=[], topological_order=False, names_only=False, paths_only=True, topological_graph=False, topological_graph_dot=False, topological_graph_density=False, topological_graph_legend=False, topological_graph_dot_cluster=False, topological_graph_dot_include_skipped=False, verb_parser=<colcon_defaults.argument_parser.defaults.DefaultArgumentsDecorator object at 0x74346aae4fd0>, verb_extension=<colcon_package_information.verb.list.ListVerb object at 0x74346aaa7af0>, main=<bound method ListVerb.main of <colcon_package_information.verb.list.ListVerb object at 0x74346aaa7af0>>)
[3.764s] Level 1:colcon.colcon_core.package_discovery:discover_packages(colcon_meta) check parameters
[3.765s] Level 1:colcon.colcon_core.package_discovery:discover_packages(recursive) check parameters
[3.765s] Level 1:colcon.colcon_core.package_discovery:discover_packages(ignore) check parameters
[3.765s] Level 1:colcon.colcon_core.package_discovery:discover_packages(path) check parameters
[3.765s] Level 1:colcon.colcon_core.package_discovery:discover_packages(recursive) discover
[3.765s] INFO:colcon.colcon_core.package_discovery:Crawling recursively for packages in '/home/anthony/Desktop/Assignment6'
[3.766s] Level 1:colcon.colcon_core.package_identification:_identify(/home/anthony/Desktop/Assignment6) by extensions ['ignore', 'ignore_ament_install']
[3.766s] Level 1:colcon.colcon_core.package_identification:_identify(/home/anthony/Desktop/Assignment6) by extension 'ignore'
[3.766s] Level 1:colcon.colcon_core.package_identification:_identify(/home/anthony/Desktop/Assignment6) by extension 'ignore_ament_install'
[3.766s] Level 1:colcon.colcon_core.package_identification:_identify(/home/anthony/Desktop/Assignment6) by extensions ['colcon_pkg']
[3.767s] Level 1:colcon.colcon_core.package_identification:_identify(/home/anthony/Desktop/Assignment6) by extension 'colcon_pkg'
[3.767s] Level 1:colcon.colcon_core.package_identification:_identify(/home/anthony/Desktop/Assignment6) by extensions ['colcon_meta']
[3.767s] Level 1:colcon.colcon_core.package_identification:_identify(/home/anthony/Desktop/Assignment6) by extension 'colcon_meta'
[3.767s] Level 1:colcon.colcon_core.package_identification:_identify(/home/anthony/Desktop/Assignment6) by extensions ['ros']
[3.767s] Level 1:colcon.colcon_core.package_identification:_identify(/home/anthony/Desktop/Assignment6) by extension 'ros'
[3.989s] Level 1:colcon.colcon_core.package_identification:_identify(/home/anthony/Desktop/Assignment6) by extensions ['cmake', 'python']
[3.989s] Level 1:colcon.colcon_core.package_identification:_identify(/home/anthony/Desktop/Assignment6) by extension 'cmake'
[3.989s] Level 1:colcon.colcon_core.package_identification:_identify(/home/anthony/Desktop/Assignment6) by extension 'python'
[3.990s] Level 1:colcon.colcon_core.package_identification:_identify(/home/anthony/Desktop/Assignment6) by extensions ['python_setup_py']
[3.990s] Level 1:colcon.colcon_core.package_identification:_identify(/home/anthony/Desktop/Assignment6) by extension 'python_setup_py'
[4.008s] Level 1:colcon.colcon_core.package_identification:_identify(/home/anthony/Desktop/Assignment6/build) by extensions ['ignore', 'ignore_ament_install']
[4.025s] Level 1:colcon.colcon_core.package_identification:_identify(/home/anthony/Desktop/Assignment6/build) by extension 'ignore'
[4.025s] Level 1:colcon.colcon_core.package_identification:_identify(/home/anthony/Desktop/Assignment6/build) ignored
[4.026s] Level 1:colcon.colcon_core.package_identification:_identify(/home/anthony/Desktop/Assignment6/install) by extensions ['ignore', 'ignore_ament_install']
[4.027s] Level 1:colcon.colcon_core.package_identification:_identify(/home/anthony/Desktop/Assignment6/install) by extension 'ignore'
[4.027s] Level 1:colcon.colcon_core.package_identification:_identify(/home/anthony/Desktop/Assignment6/install) ignored
[4.047s] Level 1:colcon.colcon_core.package_identification:_identify(/home/anthony/Desktop/Assignment6/log) by extensions ['ignore', 'ignore_ament_install']
[4.048s] Level 1:colcon.colcon_core.package_identification:_identify(/home/anthony/Desktop/Assignment6/log) by extension 'ignore'
[4.048s] Level 1:colcon.colcon_core.package_identification:_identify(/home/anthony/Desktop/Assignment6/log) ignored
[4.048s] Level 1:colcon.colcon_core.package_identification:_identify(/home/anthony/Desktop/Assignment6/src) by extensions ['ignore', 'ignore_ament_install']
[4.049s] Level 1:colcon.colcon_core.package_identification:_identify(/home/anthony/Desktop/Assignment6/src) by extension 'ignore'
[4.049s] Level 1:colcon.colcon_core.package_identification:_identify(/home/anthony/Desktop/Assignment6/src) by extension 'ignore_ament_install'
[4.050s] Level 1:colcon.colcon_core.package_identification:_identify(/home/anthony/Desktop/Assignment6/src) by extensions ['colcon_pkg']
[4.050s] Level 1:colcon.colcon_core.package_identification:_identify(/home/anthony/Desktop/Assignment6/src) by extension 'colcon_pkg'
[4.050s] Level 1:colcon.colcon_core.package_identification:_identify(/home/anthony/Desktop/Assignment6/src) by extensions ['colcon_meta']
[4.050s] Level 1:colcon.colcon_core.package_identification:_identify(/home/anthony/Desktop/Assignment6/src) by extension 'colcon_meta'
[4.050s] Level 1:colcon.colcon_core.package_identification:_identify(/home/anthony/Desktop/Assignment6/src) by extensions ['ros']
[4.051s] Level 1:colcon.colcon_core.package_identification:_identify(/home/anthony/Desktop/Assignment6/src) by extension 'ros'
[4.051s] Level 1:colcon.colcon_core.package_identification:_identify(/home/anthony/Desktop/Assignment6/src) by extensions ['cmake', 'python']
[4.051s] Level 1:colcon.colcon_core.package_identification:_identify(/home/anthony/Desktop/Assignment6/src) by extension 'cmake'
[4.051s] Level 1:colcon.colcon_core.package_identification:_identify(/home/anthony/Desktop/Assignment6/src) by extension 'python'
[4.084s] Level 1:colcon.colcon_core.package_identification:_identify(/home/anthony/Desktop/Assignment6/src) by extensions ['python_setup_py']
[4.084s] Level 1:colcon.colcon_core.package_identification:_identify(/home/anthony/Desktop/Assignment6/src) by extension 'python_setup_py'
[4.085s] Level 1:colcon.colcon_core.package_identification:_identify(/home/anthony/Desktop/Assignment6/src/temperature_monitoring_system) by extensions ['ignore', 'ignore_ament_install']
[4.086s] Level 1:colcon.colcon_core.package_identification:_identify(/home/anthony/Desktop/Assignment6/src/temperature_monitoring_system) by extension 'ignore'
[4.086s] Level 1:colcon.colcon_core.package_identification:_identify(/home/anthony/Desktop/Assignment6/src/temperature_monitoring_system) by extension 'ignore_ament_install'
[4.087s] Level 1:colcon.colcon_core.package_identification:_identify(/home/anthony/Desktop/Assignment6/src/temperature_monitoring_system) by extensions ['colcon_pkg']
[4.097s] Level 1:colcon.colcon_core.package_identification:_identify(/home/anthony/Desktop/Assignment6/src/temperature_monitoring_system) by extension 'colcon_pkg'
[4.097s] Level 1:colcon.colcon_core.package_identification:_identify(/home/anthony/Desktop/Assignment6/src/temperature_monitoring_system) by extensions ['colcon_meta']
[4.098s] Level 1:colcon.colcon_core.package_identification:_identify(/home/anthony/Desktop/Assignment6/src/temperature_monitoring_system) by extension 'colcon_meta'
[4.098s] Level 1:colcon.colcon_core.package_identification:_identify(/home/anthony/Desktop/Assignment6/src/temperature_monitoring_system) by extensions ['ros']
[4.098s] Level 1:colcon.colcon_core.package_identification:_identify(/home/anthony/Desktop/Assignment6/src/temperature_monitoring_system) by extension 'ros'
[4.165s] DEBUG:colcon.colcon_core.package_identification:Package '/home/anthony/Desktop/Assignment6/src/temperature_monitoring_system' with type 'ros.ament_python' and name 'temperature_monitoring_system'
[4.166s] Level 1:colcon.colcon_core.package_discovery:discover_packages(recursive) using defaults
